[debug] [2021-02-10T17:03:42.991Z] ----------------------------------------------------------------------
[debug] [2021-02-10T17:03:42.994Z] Command:       C:\Program Files\nodejs\node.exe C:\Users\lopez\AppData\Roaming\npm\node_modules\firebase-tools\lib\bin\firebase.js init
[debug] [2021-02-10T17:03:42.994Z] CLI Version:   9.3.0
[debug] [2021-02-10T17:03:42.994Z] Platform:      win32
[debug] [2021-02-10T17:03:42.994Z] Node Version:  v14.4.0
[debug] [2021-02-10T17:03:42.996Z] Time:          Wed Feb 10 2021 14:03:42 GMT-0300 (hora estándar de Argentina)
[debug] [2021-02-10T17:03:42.996Z] ----------------------------------------------------------------------
[debug] [2021-02-10T17:03:42.996Z] 
[debug] [2021-02-10T17:03:43.006Z] > command requires scopes: ["email","openid","https://www.googleapis.com/auth/cloudplatformprojects.readonly","https://www.googleapis.com/auth/firebase","https://www.googleapis.com/auth/cloud-platform"]
[debug] [2021-02-10T17:03:43.007Z] > authorizing via signed-in user
[info] 
     ######## #### ########  ######## ########     ###     ######  ########
     ##        ##  ##     ## ##       ##     ##  ##   ##  ##       ##
     ######    ##  ########  ######   ########  #########  ######  ######
     ##        ##  ##    ##  ##       ##     ## ##     ##       ## ##
     ##       #### ##     ## ######## ########  ##     ##  ######  ########

You're about to initialize a Firebase project in this directory:

  C:\Users\lopez\documents\Develop\SummerHack\reto semanal

[info] 
=== Project Setup
[info] 
[info] First, let's associate this project directory with a Firebase project.
[info] You can create multiple project aliases by running firebase use --add, 
[info] but for now we'll just set up a default project.
[info] 
[debug] [2021-02-10T17:04:33.143Z] >>> [apiv2][query] GET https://firebase.googleapis.com/v1beta1/projects pageSize=100
[debug] [2021-02-10T17:04:33.664Z] <<< [apiv2][status] GET https://firebase.googleapis.com/v1beta1/projects 200
[debug] [2021-02-10T17:04:33.664Z] <<< [apiv2][body] GET https://firebase.googleapis.com/v1beta1/projects [omitted]
[info] i  Using project songpage-b98b0 (songPage) 
[info] 
=== Hosting Setup
[info] 
[info] Your public directory is the folder (relative to your project directory) that
[info] will contain Hosting assets to be uploaded with firebase deploy. If you
[info] have a build process for your assets, use your build's output directory.
[info] 
[debug] [2021-02-10T17:05:16.988Z] >>> [apiv2][query] GET https://www.gstatic.com/firebasejs/releases.json [none]
[debug] [2021-02-10T17:05:17.116Z] <<< [apiv2][status] GET https://www.gstatic.com/firebasejs/releases.json 200
[debug] [2021-02-10T17:05:17.116Z] <<< [apiv2][body] GET https://www.gstatic.com/firebasejs/releases.json {"current":{"version":"8.2.6","browserURL":"https://www.gstatic.com/firebasejs/8.2.6/firebase.js","packageURL":"https://www.gstatic.com/firebasejs/8.2.6/firebase.tgz"},"live":{"version":"8.2","browserURL":"https://www.gstatic.com/firebasejs/live/8.2/firebase.js","packageURL":"https://www.gstatic.com/firebasejs/live/8.2/firebase.tgz"},"components":{"analytics":"https://www.gstatic.com/firebasejs/8.2.6/firebase-analytics.js","app":"https://www.gstatic.com/firebasejs/8.2.6/firebase-app.js","auth":"https://www.gstatic.com/firebasejs/8.2.6/firebase-auth.js","database":"https://www.gstatic.com/firebasejs/8.2.6/firebase-database.js","firestore":"https://www.gstatic.com/firebasejs/8.2.6/firebase-firestore.js","functions":"https://www.gstatic.com/firebasejs/8.2.6/firebase-functions.js","installations":"https://www.gstatic.com/firebasejs/8.2.6/firebase-installations.js","messaging":"https://www.gstatic.com/firebasejs/8.2.6/firebase-messaging.js","storage":"https://www.gstatic.com/firebasejs/8.2.6/firebase-storage.js","performance":"https://www.gstatic.com/firebasejs/8.2.6/firebase-performance.js","remote-config":"https://www.gstatic.com/firebasejs/8.2.6/firebase-remote-config.js","firestore.memory":"https://www.gstatic.com/firebasejs/8.2.6/firebase-firestore.memory.js"}}
[info] +  Wrote public/index.html 
[info] 
[info] i  Didn't detect a .git folder. Assuming C:\Users\lopez\documents\Develop\SummerHack\reto semanal is the project root. 
[info] i  Authorizing with GitHub to upload your service account to a GitHub repository's secrets store. 
[info] 
[info] Visit this URL on this device to log in:
[info] https://github.com/login/oauth/authorize?client_id=89cf50f02ac6aaed3484&state=137704978&redirect_uri=http%3A%2F%2Flocalhost%3A9005&scope=read%3Auser%20repo%20public_repo
[info] 
[info] Waiting for authentication...
[debug] [2021-02-10T17:05:25.138Z] >>> HTTP REQUEST POST https://github.com/login/oauth/access_token  
 {"client_id":"89cf50f02ac6aaed3484","client_secret":"3330d14abc895d9a74d5f17cd7a00711fa2c5bf0","code":"acc6e1ffdbc93d54c371","redirect_uri":"http://localhost:9005","state":"137704978"}
[debug] [2021-02-10T17:05:25.719Z] <<< HTTP RESPONSE 200 {"server":"GitHub.com","date":"Wed, 10 Feb 2021 17:05:27 GMT","content-type":"application/json; charset=utf-8","transfer-encoding":"chunked","vary":"X-PJAX, Accept-Encoding, Accept, X-Requested-With","etag":"W/\"de79ff4d23b500b072ad683e2593a570\"","cache-control":"max-age=0, private, must-revalidate","strict-transport-security":"max-age=31536000; includeSubdomains; preload","x-frame-options":"deny","x-content-type-options":"nosniff","x-xss-protection":"1; mode=block","referrer-policy":"origin-when-cross-origin, strict-origin-when-cross-origin","expect-ct":"max-age=2592000, report-uri=\"https://api.github.com/_private/browser/errors\"","content-security-policy":"default-src 'none'; base-uri 'self'; block-all-mixed-content; connect-src 'self' uploads.github.com www.githubstatus.com collector.githubapp.com api.github.com github-cloud.s3.amazonaws.com github-production-repository-file-5c1aeb.s3.amazonaws.com github-production-upload-manifest-file-7fdce7.s3.amazonaws.com github-production-user-asset-6210df.s3.amazonaws.com cdn.optimizely.com logx.optimizely.com/v1/events wss://alive.github.com; font-src github.githubassets.com; form-action 'self' github.com gist.github.com; frame-ancestors 'none'; frame-src render.githubusercontent.com; img-src 'self' data: github.githubassets.com identicons.github.com collector.githubapp.com github-cloud.s3.amazonaws.com user-images.githubusercontent.com/ *.githubusercontent.com; manifest-src 'self'; media-src 'none'; script-src github.githubassets.com; style-src 'unsafe-inline' github.githubassets.com; worker-src github.com/socket-worker-5029ae85.js gist.github.com/socket-worker-5029ae85.js","x-github-request-id":"EEAD:7411:137F4DB:1BF59D3:60241256"}
[debug] [2021-02-10T17:05:25.720Z] >>> [apiv2][query] GET https://api.github.com/user [none]
[debug] [2021-02-10T17:05:26.293Z] <<< [apiv2][status] GET https://api.github.com/user 200
[debug] [2021-02-10T17:05:26.294Z] <<< [apiv2][body] GET https://api.github.com/user {"login":"lopezrossialan","id":45899087,"node_id":"MDQ6VXNlcjQ1ODk5MDg3","avatar_url":"https://avatars.githubusercontent.com/u/45899087?v=4","gravatar_id":"","url":"https://api.github.com/users/lopezrossialan","html_url":"https://github.com/lopezrossialan","followers_url":"https://api.github.com/users/lopezrossialan/followers","following_url":"https://api.github.com/users/lopezrossialan/following{/other_user}","gists_url":"https://api.github.com/users/lopezrossialan/gists{/gist_id}","starred_url":"https://api.github.com/users/lopezrossialan/starred{/owner}{/repo}","subscriptions_url":"https://api.github.com/users/lopezrossialan/subscriptions","organizations_url":"https://api.github.com/users/lopezrossialan/orgs","repos_url":"https://api.github.com/users/lopezrossialan/repos","events_url":"https://api.github.com/users/lopezrossialan/events{/privacy}","received_events_url":"https://api.github.com/users/lopezrossialan/received_events","type":"User","site_admin":false,"name":null,"company":null,"blog":"","location":null,"email":null,"hireable":null,"bio":null,"twitter_username":null,"public_repos":2,"public_gists":0,"followers":0,"following":2,"created_at":"2018-12-15T14:47:49Z","updated_at":"2021-02-10T17:05:26Z","private_gists":0,"total_private_repos":0,"owned_private_repos":0,"disk_usage":688,"collaborators":0,"two_factor_authentication":false,"plan":{"name":"free","space":976562499,"collaborators":0,"private_repos":10000}}
[info] 
[info] +  Success! Logged into GitHub as lopezrossialan 
[info] 
[debug] [2021-02-10T17:05:40.441Z] >>> [apiv2][query] GET https://api.github.com/repos//actions/secrets/public-key type=owner
[debug] [2021-02-10T17:05:40.960Z] <<< [apiv2][status] GET https://api.github.com/repos//actions/secrets/public-key 404
[debug] [2021-02-10T17:05:40.960Z] <<< [apiv2][body] GET https://api.github.com/repos//actions/secrets/public-key {"message":"Not Found","documentation_url":"https://docs.github.com/rest"}
[debug] [2021-02-10T17:05:42.096Z] >>> [apiv2][query] GET https://api.github.com/repos/y/actions/secrets/public-key type=owner
[debug] [2021-02-10T17:05:42.624Z] <<< [apiv2][status] GET https://api.github.com/repos/y/actions/secrets/public-key 404
[debug] [2021-02-10T17:05:42.624Z] <<< [apiv2][body] GET https://api.github.com/repos/y/actions/secrets/public-key {"message":"Not Found","documentation_url":"https://docs.github.com/rest"}
[debug] [2021-02-10T17:05:44.744Z] >>> [apiv2][query] GET https://api.github.com/repos/y/actions/secrets/public-key type=owner
[debug] [2021-02-10T17:05:45.250Z] <<< [apiv2][status] GET https://api.github.com/repos/y/actions/secrets/public-key 404
[debug] [2021-02-10T17:05:45.250Z] <<< [apiv2][body] GET https://api.github.com/repos/y/actions/secrets/public-key {"message":"Not Found","documentation_url":"https://docs.github.com/rest"}
[debug] [2021-02-10T17:06:16.735Z] >>> [apiv2][query] GET https://api.github.com/repos/lopezrossialan/songpage/actions/secrets/public-key type=owner
[debug] [2021-02-10T17:06:17.293Z] <<< [apiv2][status] GET https://api.github.com/repos/lopezrossialan/songpage/actions/secrets/public-key 404
[debug] [2021-02-10T17:06:17.293Z] <<< [apiv2][body] GET https://api.github.com/repos/lopezrossialan/songpage/actions/secrets/public-key {"message":"Not Found","documentation_url":"https://docs.github.com/rest/reference/actions#get-a-repository-public-key"}
[debug] [2021-02-10T17:06:23.511Z] >>> [apiv2][query] GET https://api.github.com/repos/new repository/actions/secrets/public-key type=owner
[debug] [2021-02-10T17:06:24.031Z] <<< [apiv2][status] GET https://api.github.com/repos/new repository/actions/secrets/public-key 404
[debug] [2021-02-10T17:06:24.031Z] <<< [apiv2][body] GET https://api.github.com/repos/new repository/actions/secrets/public-key {"message":"Not Found","documentation_url":"https://docs.github.com/rest"}
[debug] [2021-02-10T17:06:26.199Z] >>> [apiv2][query] GET https://api.github.com/repos//actions/secrets/public-key type=owner
[debug] [2021-02-10T17:06:26.705Z] <<< [apiv2][status] GET https://api.github.com/repos//actions/secrets/public-key 404
[debug] [2021-02-10T17:06:26.705Z] <<< [apiv2][body] GET https://api.github.com/repos//actions/secrets/public-key {"message":"Not Found","documentation_url":"https://docs.github.com/rest"}
